[0m2021.12.29 23:05:41 INFO  Started: Metals version 0.10.9 in workspace '/home/omar/Studies/StarCrafter/scala' for client Visual Studio Code 1.63.2.[0m
[0m2021.12.29 23:05:44 INFO  time: initialize in 3.1s[0m
[0m2021.12.29 23:05:44 WARN  Build server is not auto-connectable.[0m
[0m2021.12.29 23:05:44 WARN  no build tool detected in workspace '/home/omar/Studies/StarCrafter/scala'. The most common cause for this problem is that the editor was opened in the wrong working directory, for example if you use sbt then the workspace directory should contain build.sbt. [0m
[0m2021.12.29 23:05:45 WARN  no build target for: /home/omar/Studies/StarCrafter/scala/worldPop.sc[0m
[0m2021.12.29 23:06:22 INFO  no build target: using presentation compiler with only scala-library: 3.1.0[0m
Dec 29, 2021 11:08:07 PM org.eclipse.lsp4j.jsonrpc.RemoteEndpoint handleCancellation
WARNING: Unmatched cancel notification for request id 29
Dec 29, 2021 11:08:07 PM org.eclipse.lsp4j.jsonrpc.RemoteEndpoint handleCancellation
WARNING: Unmatched cancel notification for request id 33
Dec 29, 2021 11:08:07 PM org.eclipse.lsp4j.jsonrpc.RemoteEndpoint handleCancellation
WARNING: Unmatched cancel notification for request id 21
Dec 29, 2021 11:08:07 PM org.eclipse.lsp4j.jsonrpc.RemoteEndpoint handleCancellation
WARNING: Unmatched cancel notification for request id 39
Dec 29, 2021 11:08:07 PM org.eclipse.lsp4j.jsonrpc.RemoteEndpoint handleCancellation
WARNING: Unmatched cancel notification for request id 45
Dec 29, 2021 11:08:07 PM org.eclipse.lsp4j.jsonrpc.RemoteEndpoint handleCancellation
WARNING: Unmatched cancel notification for request id 38
Dec 29, 2021 11:08:07 PM org.eclipse.lsp4j.jsonrpc.RemoteEndpoint handleCancellation
WARNING: Unmatched cancel notification for request id 48
Dec 29, 2021 11:08:07 PM org.eclipse.lsp4j.jsonrpc.RemoteEndpoint handleCancellation
WARNING: Unmatched cancel notification for request id 50
Dec 29, 2021 11:08:07 PM org.eclipse.lsp4j.jsonrpc.RemoteEndpoint handleCancellation
WARNING: Unmatched cancel notification for request id 51
Dec 29, 2021 11:08:07 PM org.eclipse.lsp4j.jsonrpc.RemoteEndpoint handleCancellation
WARNING: Unmatched cancel notification for request id 52
Dec 29, 2021 11:08:07 PM org.eclipse.lsp4j.jsonrpc.RemoteEndpoint handleCancellation
WARNING: Unmatched cancel notification for request id 55
[0m2021.12.29 23:08:08 INFO  time: code lens generation in 1.37s[0m
[0m2021.12.29 23:08:08 INFO  time: code lens generation in 1.27s[0m
[0m2021.12.29 23:08:08 INFO  time: code lens generation in 1.22s[0m
[0m2021.12.29 23:08:08 INFO  time: code lens generation in 1.12s[0m
[0m2021.12.29 23:08:08 INFO  time: code lens generation in 1.34s[0m
[0m2021.12.29 23:08:08 INFO  time: code lens generation in 1.39s[0m
[0m2021.12.29 23:08:08 INFO  time: code lens generation in 1.42s[0m
[0m2021.12.29 23:08:08 INFO  time: code lens generation in 1.47s[0m
[0m2021.12.29 23:08:08 INFO  time: code lens generation in 1.29s[0m
[0m2021.12.29 23:08:08 INFO  time: code lens generation in 1.16s[0m
[0m2021.12.29 23:08:08 INFO  time: code lens generation in 1.25s[0m
[0m2021.12.29 23:08:08 INFO  time: code lens generation in 1.53s[0m
[0m2021.12.29 23:08:08 INFO  time: code lens generation in 1.58s[0m
[0m2021.12.29 23:08:08 INFO  time: code lens generation in 1.53s[0m
[0m2021.12.29 23:08:08 INFO  time: code lens generation in 1.62s[0m
[0m2021.12.29 23:08:08 INFO  time: code lens generation in 1.18s[0m
[0m2021.12.29 23:08:08 INFO  time: code lens generation in 1m34s[0m
[0m2021.12.29 23:08:08 INFO  time: code lens generation in 1m35s[0m
[0m2021.12.29 23:08:08 INFO  time: code lens generation in 1m39s[0m
[0m2021.12.29 23:08:08 INFO  time: code lens generation in 1m35s[0m
[0m2021.12.29 23:08:08 INFO  time: code lens generation in 2m23s[0m
[0m2021.12.29 23:22:53 WARN  no build target for: /home/omar/Studies/StarCrafter/scala/worldPop.sc[0m
[0m2021.12.29 23:23:54 WARN  no build target for: /home/omar/Studies/StarCrafter/scala/worldPop.sc[0m
[0m2021.12.29 23:24:08 WARN  no build target for: /home/omar/Studies/StarCrafter/scala/worldPop.sc[0m
[0m2021.12.29 23:27:24 WARN  no build target for: /home/omar/Studies/StarCrafter/scala/worldPop.sc[0m
Dec 29, 2021 11:33:07 PM org.eclipse.lsp4j.jsonrpc.RemoteEndpoint handleNotification
WARNING: Notification threw an exception: {
  "jsonrpc": "2.0",
  "method": "workspace/didChangeWatchedFiles",
  "params": {
    "changes": [
      {
        "uri": "file:///home/omar/Studies/StarCrafter/scala/worldPop.sc",
        "type": 3
      }
    ]
  }
}
java.lang.RuntimeException: java.lang.reflect.InvocationTargetException
	at org.eclipse.lsp4j.jsonrpc.services.GenericEndpoint.lambda$null$0(GenericEndpoint.java:67)
	at org.eclipse.lsp4j.jsonrpc.services.GenericEndpoint.notify(GenericEndpoint.java:152)
	at org.eclipse.lsp4j.jsonrpc.RemoteEndpoint.handleNotification(RemoteEndpoint.java:220)
	at org.eclipse.lsp4j.jsonrpc.RemoteEndpoint.consume(RemoteEndpoint.java:187)
	at org.eclipse.lsp4j.jsonrpc.json.StreamMessageProducer.handleMessage(StreamMessageProducer.java:194)
	at org.eclipse.lsp4j.jsonrpc.json.StreamMessageProducer.listen(StreamMessageProducer.java:94)
	at org.eclipse.lsp4j.jsonrpc.json.ConcurrentMessageProcessor.run(ConcurrentMessageProcessor.java:113)
	at java.base/java.util.concurrent.Executors$RunnableAdapter.call(Executors.java:515)
	at java.base/java.util.concurrent.FutureTask.run(FutureTask.java:264)
	at java.base/java.util.concurrent.ThreadPoolExecutor.runWorker(ThreadPoolExecutor.java:1128)
	at java.base/java.util.concurrent.ThreadPoolExecutor$Worker.run(ThreadPoolExecutor.java:628)
	at java.base/java.lang.Thread.run(Thread.java:829)
Caused by: java.lang.reflect.InvocationTargetException
	at java.base/jdk.internal.reflect.NativeMethodAccessorImpl.invoke0(Native Method)
	at java.base/jdk.internal.reflect.NativeMethodAccessorImpl.invoke(NativeMethodAccessorImpl.java:62)
	at java.base/jdk.internal.reflect.DelegatingMethodAccessorImpl.invoke(DelegatingMethodAccessorImpl.java:43)
	at java.base/java.lang.reflect.Method.invoke(Method.java:566)
	at org.eclipse.lsp4j.jsonrpc.services.GenericEndpoint.lambda$null$0(GenericEndpoint.java:65)
	... 11 more
Caused by: java.nio.file.NoSuchFileException: /home/omar/Studies/StarCrafter/scala/worldPop.sc
	at java.base/sun.nio.fs.UnixException.translateToIOException(UnixException.java:92)
	at java.base/sun.nio.fs.UnixException.rethrowAsIOException(UnixException.java:111)
	at java.base/sun.nio.fs.UnixException.rethrowAsIOException(UnixException.java:116)
	at java.base/sun.nio.fs.UnixFileSystemProvider.newByteChannel(UnixFileSystemProvider.java:219)
	at java.base/java.nio.file.Files.newByteChannel(Files.java:371)
	at java.base/java.nio.file.Files.newByteChannel(Files.java:422)
	at java.base/java.nio.file.Files.readAllBytes(Files.java:3206)
	at scala.meta.internal.io.PlatformFileIO$.slurp(PlatformFileIO.scala:45)
	at scala.meta.internal.io.FileIO$.slurp(FileIO.scala:24)
	at scala.meta.internal.metals.MetalsLanguageServer.$anonfun$onChange$1(MetalsLanguageServer.scala:1338)
	at scala.meta.internal.metals.MetalsLanguageServer.$anonfun$onChange$1$adapted(MetalsLanguageServer.scala:1337)
	at scala.collection.immutable.Stream.foreach(Stream.scala:533)
	at scala.meta.internal.metals.MetalsLanguageServer.onChange(MetalsLanguageServer.scala:1337)
	at scala.meta.internal.metals.MetalsLanguageServer.didChangeWatchedFiles(MetalsLanguageServer.scala:1281)
	... 16 more

[0m2021.12.30 00:01:46 INFO  shutting down Metals[0m
[0m2021.12.30 00:01:46 WARN  Error requesting Ammonite import
org.eclipse.lsp4j.jsonrpc.ResponseErrorException: Request window/showMessageRequest failed with message: Canceled
	at org.eclipse.lsp4j.jsonrpc.RemoteEndpoint.handleResponse(RemoteEndpoint.java:209)
	at org.eclipse.lsp4j.jsonrpc.RemoteEndpoint.consume(RemoteEndpoint.java:193)
	at org.eclipse.lsp4j.jsonrpc.json.StreamMessageProducer.handleMessage(StreamMessageProducer.java:194)
	at org.eclipse.lsp4j.jsonrpc.json.StreamMessageProducer.listen(StreamMessageProducer.java:94)
	at org.eclipse.lsp4j.jsonrpc.json.ConcurrentMessageProcessor.run(ConcurrentMessageProcessor.java:113)
	at java.util.concurrent.Executors$RunnableAdapter.call(Executors.java:515)
	at java.util.concurrent.FutureTask.run(FutureTask.java:264)
	at java.util.concurrent.ThreadPoolExecutor.runWorker(ThreadPoolExecutor.java:1128)
	at java.util.concurrent.ThreadPoolExecutor$Worker.run(ThreadPoolExecutor.java:628)
	at java.lang.Thread.run(Thread.java:829)
[0m
